<?xml version="1.0" encoding="UTF-8"?>
<!-- Generated by org.testng.reporters.JUnitReportReporter -->
<testsuite hostname="LAPTOP-66IIMB5K" failures="0" tests="3" name="org.setn.practice.SelectClass" time="36.996" errors="0" timestamp="2025-03-02T17:50:44 IST" skipped="0">
  <testcase classname="org.setn.practice.SelectClass" name="getDropdownOptions" time="10.780"/>
  <testcase classname="org.setn.practice.SelectClass" name="selectDropdown" time="10.991"/>
  <testcase classname="org.setn.practice.SelectClass" name="clickRadioCheckboxButton" time="15.225"/>
</testsuite> <!-- org.setn.practice.SelectClass -->
